# JRE version: Java(TM) SE Runtime Environment (8.0_05-b13) (build 1.8.0_05-b13)
# Java VM: Java HotSpot(TM) 64-Bit Server VM (25.5-b02 mixed mode windows-amd64 compressed oops)
Heap:
 PSYoungGen      total 216576K, used 188609K [0x00000000d5d00000, 0x00000000e6e80000, 0x0000000100000000)
  eden space 157696K, 95% used [0x00000000d5d00000,0x00000000def606f0,0x00000000df700000)
  from space 58880K, 65% used [0x00000000df700000,0x00000000e1cd0040,0x00000000e3080000)
  to   space 57856K, 0% used [0x00000000e3600000,0x00000000e3600000,0x00000000e6e80000)
 ParOldGen       total 85504K, used 70710K [0x0000000081600000, 0x0000000086980000, 0x00000000d5d00000)
  object space 85504K, 82% used [0x0000000081600000,0x0000000085b0dbf0,0x0000000086980000)
 Metaspace       used 64599K, capacity 65484K, committed 65792K, reserved 1107968K
  class space    used 7713K, capacity 7883K, committed 7936K, reserved 1048576K
GC Heap History (10 events):
Event: 22.086 GC heap before
{Heap before GC invocations=73 (full 7):
 PSYoungGen      total 202240K, used 189585K [0x00000000d5d00000, 0x00000000e6480000, 0x0000000100000000)
  eden space 145408K, 100% used [0x00000000d5d00000,0x00000000deb00000,0x00000000deb00000)
  from space 56832K, 77% used [0x00000000deb00000,0x00000000e1624508,0x00000000e2280000)
  to   space 58880K, 0% used [0x00000000e2b00000,0x00000000e2b00000,0x00000000e6480000)
 ParOldGen       total 67584K, used 60801K [0x0000000081600000, 0x0000000085800000, 0x00000000d5d00000)
  object space 67584K, 89% used [0x0000000081600000,0x0000000085160680,0x0000000085800000)
 Metaspace       used 60459K, capacity 61244K, committed 61440K, reserved 1103872K
  class space    used 7187K, capacity 7327K, committed 7424K, reserved 1048576K
Event: 22.114 GC heap after
Heap after GC invocations=73 (full 7):
 PSYoungGen      total 209920K, used 43152K [0x00000000d5d00000, 0x00000000e6680000, 0x0000000100000000)
  eden space 151040K, 0% used [0x00000000d5d00000,0x00000000d5d00000,0x00000000df080000)
  from space 58880K, 73% used [0x00000000e2b00000,0x00000000e5524050,0x00000000e6480000)
  to   space 59904K, 0% used [0x00000000df080000,0x00000000df080000,0x00000000e2b00000)
 ParOldGen       total 67584K, used 63177K [0x0000000081600000, 0x0000000085800000, 0x00000000d5d00000)
  object space 67584K, 93% used [0x0000000081600000,0x00000000853b2680,0x0000000085800000)
 Metaspace       used 60459K, capacity 61244K, committed 61440K, reserved 1103872K
  class space    used 7187K, capacity 7327K, committed 7424K, reserved 1048576K
}
Event: 22.769 GC heap before
{Heap before GC invocations=74 (full 7):
 PSYoungGen      total 209920K, used 194192K [0x00000000d5d00000, 0x00000000e6680000, 0x0000000100000000)
  eden space 151040K, 100% used [0x00000000d5d00000,0x00000000df080000,0x00000000df080000)
  from space 58880K, 73% used [0x00000000e2b00000,0x00000000e5524050,0x00000000e6480000)
  to   space 59904K, 0% used [0x00000000df080000,0x00000000df080000,0x00000000e2b00000)
 ParOldGen       total 67584K, used 63177K [0x0000000081600000, 0x0000000085800000, 0x00000000d5d00000)
  object space 67584K, 93% used [0x0000000081600000,0x00000000853b2680,0x0000000085800000)
 Metaspace       used 60519K, capacity 61314K, committed 61696K, reserved 1103872K
  class space    used 7188K, capacity 7328K, committed 7424K, reserved 1048576K
Event: 22.787 GC heap after
Heap after GC invocations=74 (full 7):
 PSYoungGen      total 210944K, used 41760K [0x00000000d5d00000, 0x00000000e6c80000, 0x0000000100000000)
  eden space 151040K, 0% used [0x00000000d5d00000,0x00000000d5d00000,0x00000000df080000)
  from space 59904K, 69% used [0x00000000df080000,0x00000000e1948040,0x00000000e2b00000)
  to   space 59904K, 0% used [0x00000000e3200000,0x00000000e3200000,0x00000000e6c80000)
 ParOldGen       total 67584K, used 64921K [0x0000000081600000, 0x0000000085800000, 0x00000000d5d00000)
  object space 67584K, 96% used [0x0000000081600000,0x0000000085566680,0x0000000085800000)
 Metaspace       used 60519K, capacity 61314K, committed 61696K, reserved 1103872K
  class space    used 7188K, capacity 7328K, committed 7424K, reserved 1048576K
}
Event: 22.787 GC heap before
{Heap before GC invocations=75 (full 8):
 PSYoungGen      total 210944K, used 41760K [0x00000000d5d00000, 0x00000000e6c80000, 0x0000000100000000)
  eden space 151040K, 0% used [0x00000000d5d00000,0x00000000d5d00000,0x00000000df080000)
  from space 59904K, 69% used [0x00000000df080000,0x00000000e1948040,0x00000000e2b00000)
  to   space 59904K, 0% used [0x00000000e3200000,0x00000000e3200000,0x00000000e6c80000)
 ParOldGen       total 67584K, used 64921K [0x0000000081600000, 0x0000000085800000, 0x00000000d5d00000)
  object space 67584K, 96% used [0x0000000081600000,0x0000000085566680,0x0000000085800000)
 Metaspace       used 60519K, capacity 61314K, committed 61696K, reserved 1103872K
  class space    used 7188K, capacity 7328K, committed 7424K, reserved 1048576K
Event: 23.360 GC heap after
Heap after GC invocations=75 (full 8):
 PSYoungGen      total 210944K, used 38462K [0x00000000d5d00000, 0x00000000e6c80000, 0x0000000100000000)
  eden space 151040K, 0% used [0x00000000d5d00000,0x00000000d5d00000,0x00000000df080000)
  from space 59904K, 64% used [0x00000000df080000,0x00000000e160f9d0,0x00000000e2b00000)
  to   space 59904K, 0% used [0x00000000e3200000,0x00000000e3200000,0x00000000e6c80000)
 ParOldGen       total 85504K, used 67215K [0x0000000081600000, 0x0000000086980000, 0x00000000d5d00000)
  object space 85504K, 78% used [0x0000000081600000,0x00000000857a3f90,0x0000000086980000)
 Metaspace       used 60519K, capacity 61314K, committed 61696K, reserved 1103872K
  class space    used 7188K, capacity 7328K, committed 7424K, reserved 1048576K
}
Event: 24.036 GC heap before
{Heap before GC invocations=76 (full 8):
 PSYoungGen      total 210944K, used 189502K [0x00000000d5d00000, 0x00000000e6c80000, 0x0000000100000000)
  eden space 151040K, 100% used [0x00000000d5d00000,0x00000000df080000,0x00000000df080000)
  from space 59904K, 64% used [0x00000000df080000,0x00000000e160f9d0,0x00000000e2b00000)
  to   space 59904K, 0% used [0x00000000e3200000,0x00000000e3200000,0x00000000e6c80000)
 ParOldGen       total 85504K, used 67215K [0x0000000081600000, 0x0000000086980000, 0x00000000d5d00000)
  object space 85504K, 78% used [0x0000000081600000,0x00000000857a3f90,0x0000000086980000)
 Metaspace       used 60652K, capacity 61442K, committed 61696K, reserved 1103872K
  class space    used 7191K, capacity 7328K, committed 7424K, reserved 1048576K
Event: 24.058 GC heap after
Heap after GC invocations=76 (full 8):
 PSYoungGen      total 215040K, used 39328K [0x00000000d5d00000, 0x00000000e6a00000, 0x0000000100000000)
  eden space 157696K, 0% used [0x00000000d5d00000,0x00000000d5d00000,0x00000000df700000)
  from space 57344K, 68% used [0x00000000e3200000,0x00000000e5868040,0x00000000e6a00000)
  to   space 58880K, 0% used [0x00000000df700000,0x00000000df700000,0x00000000e3080000)
 ParOldGen       total 85504K, used 68990K [0x0000000081600000, 0x0000000086980000, 0x00000000d5d00000)
  object space 85504K, 80% used [0x0000000081600000,0x000000008595fbf0,0x0000000086980000)
 Metaspace       used 60652K, capacity 61442K, committed 61696K, reserved 1103872K
  class space    used 7191K, capacity 7328K, committed 7424K, reserved 1048576K
}
Event: 24.690 GC heap before
{Heap before GC invocations=77 (full 8):
 PSYoungGen      total 215040K, used 197024K [0x00000000d5d00000, 0x00000000e6a00000, 0x0000000100000000)
  eden space 157696K, 100% used [0x00000000d5d00000,0x00000000df700000,0x00000000df700000)
  from space 57344K, 68% used [0x00000000e3200000,0x00000000e5868040,0x00000000e6a00000)
  to   space 58880K, 0% used [0x00000000df700000,0x00000000df700000,0x00000000e3080000)
 ParOldGen       total 85504K, used 68990K [0x0000000081600000, 0x0000000086980000, 0x00000000d5d00000)
  object space 85504K, 80% used [0x0000000081600000,0x000000008595fbf0,0x0000000086980000)
 Metaspace       used 60699K, capacity 61512K, committed 61696K, reserved 1103872K
  class space    used 7192K, capacity 7329K, committed 7424K, reserved 1048576K
Event: 24.707 GC heap after
Heap after GC invocations=77 (full 8):
 PSYoungGen      total 216576K, used 38720K [0x00000000d5d00000, 0x00000000e6e80000, 0x0000000100000000)
  eden space 157696K, 0% used [0x00000000d5d00000,0x00000000d5d00000,0x00000000df700000)
  from space 58880K, 65% used [0x00000000df700000,0x00000000e1cd0040,0x00000000e3080000)
  to   space 57856K, 0% used [0x00000000e3600000,0x00000000e3600000,0x00000000e6e80000)
 ParOldGen       total 85504K, used 70710K [0x0000000081600000, 0x0000000086980000, 0x00000000d5d00000)
  object space 85504K, 82% used [0x0000000081600000,0x0000000085b0dbf0,0x0000000086980000)
 Metaspace       used 60699K, capacity 61512K, committed 61696K, reserved 1103872K
  class space    used 7192K, capacity 7329K, committed 7424K, reserved 1048576K
}

